2026-03-06 11:39:03,560 - INFO - Database connection established.
2026-03-06 11:39:03,561 - INFO - Tables verified/created.
2026-03-06 11:39:33,041 - INFO - Database connection established.
2026-03-06 11:39:33,041 - INFO - Tables verified/created.
2026-03-06 11:40:28,441 - INFO - Database connection established.
2026-03-06 11:40:28,441 - INFO - Tables verified/created.
2026-03-06 11:47:37,455 - INFO - Database connection established.
2026-03-06 11:47:37,456 - INFO - Tables verified/created.
2026-03-06 11:48:02,800 - INFO - list_i_owe returned 3 rows.
2026-03-06 11:51:46,200 - INFO - Database connection established.
2026-03-06 11:51:46,200 - INFO - Tables verified/created.
2026-03-06 11:51:47,591 - INFO - list_owe_me returned 2 rows
2026-03-06 12:02:54,500 - INFO - list_owe_me returned 2 rows
2026-03-06 12:02:59,528 - INFO - list_i_owe returned 3 rows.
2026-03-06 17:25:12,307 - INFO - Database connection established.
2026-03-06 17:25:12,307 - INFO - Tables verified/created.
2026-03-06 17:25:48,877 - INFO - Database connection established.
2026-03-06 17:25:48,878 - INFO - Tables verified/created.
2026-03-06 17:25:49,704 - INFO - Database connection established.
2026-03-06 17:25:49,704 - INFO - Tables verified/created.
2026-03-06 17:26:24,540 - INFO - Database connection established.
2026-03-06 17:26:24,540 - INFO - Tables verified/created.
2026-03-06 17:27:38,448 - INFO - list_owe_me returned 2 rows
2026-03-06 17:28:43,434 - INFO - Database connection established.
2026-03-06 17:28:43,434 - INFO - Tables verified/created.
2026-03-06 17:28:45,302 - INFO - list_all_people returned 8 rows
2026-03-06 17:30:24,878 - INFO - Database connection established.
2026-03-06 17:30:24,878 - INFO - Tables verified/created.
2026-03-06 17:31:29,984 - INFO - Database connection established.
2026-03-06 17:31:29,984 - INFO - Tables verified/created.
2026-03-06 17:31:32,456 - INFO - total_i_owe returned
2026-03-06 17:32:09,439 - INFO - Database connection established.
2026-03-06 17:32:09,439 - INFO - Tables verified/created.
2026-03-06 17:32:13,268 - INFO - total_i_owe returned
2026-03-06 17:33:38,065 - INFO - Database connection established.
2026-03-06 17:33:38,065 - INFO - Tables verified/created.
2026-03-06 17:33:40,979 - INFO - total_i_owe returned
2026-03-06 17:33:47,426 - INFO - list_all_people returned 8 rows
2026-03-06 17:45:19,122 - INFO - Database connection established.
2026-03-06 17:45:19,123 - INFO - Tables verified/created.
2026-03-06 17:45:26,554 - INFO - total_i_owe returned
2026-03-06 17:45:32,249 - INFO - total_owed_to_me returned
2026-03-06 17:45:49,740 - INFO - Person added: Brinjal
2026-03-06 17:54:05,072 - INFO - Database connection established.
2026-03-06 17:54:05,073 - INFO - Tables verified/created.
2026-03-06 17:54:12,493 - INFO - list_i_owe returned 4 rows.
2026-03-06 17:54:24,161 - INFO - list_owe_me returned 2 rows.
2026-03-06 17:54:44,141 - INFO - Person added: Haq
2026-03-06 17:54:55,207 - INFO - list_all_people returned 10 rows.
2026-03-06 17:55:07,560 - INFO - they_owe tx added: person_id=9, amount=89000
2026-03-06 18:01:31,574 - INFO - total_owed_to_me: 114000.0
2026-03-06 18:15:05,513 - INFO - Database connection established.
2026-03-06 18:15:05,513 - INFO - Tables verified/created.
2026-03-06 18:15:07,474 - INFO - list_i_owe returned 4 rows.
2026-03-06 18:15:12,829 - INFO - Database connection established.
2026-03-06 18:15:12,829 - INFO - Tables verified/created.
2026-03-06 18:15:17,150 - INFO - Database connection established.
2026-03-06 18:15:17,150 - INFO - Tables verified/created.
2026-03-06 18:15:31,028 - INFO - Database connection established.
2026-03-06 18:15:31,028 - INFO - Tables verified/created.
2026-03-06 18:15:34,565 - INFO - Person added: 6
2026-03-06 18:15:35,766 - INFO - list_owe_me returned 3 rows
2026-03-06 18:15:36,453 - INFO - list_i_owe returned 4 rows.
2026-03-06 18:15:37,106 - INFO - list_owe_me returned 3 rows
2026-03-06 18:16:21,386 - INFO - Database connection established.
2026-03-06 18:16:21,387 - INFO - Tables verified/created.
2026-03-06 18:16:30,875 - INFO - list_owe_me returned 3 rows.
2026-03-06 18:16:47,522 - INFO - Person added: Trump
2026-03-06 18:17:09,468 - INFO - list_all_people returned 12 rows.
2026-03-06 18:17:18,028 - INFO - new_i_owe tx added: person_id=12, amount=1000000
2026-03-06 18:17:21,605 - INFO - total_i_owe: 1012068.0
2026-03-06 18:18:46,368 - INFO - Database connection established.
2026-03-06 18:18:46,368 - INFO - Tables verified/created.
2026-03-06 18:19:06,082 - INFO - Database connection established.
2026-03-06 18:19:06,082 - INFO - Tables verified/created.
2026-03-06 18:19:12,582 - INFO - list_i_owe returned 5 rows.
2026-03-06 18:21:07,387 - INFO - Database connection established.
2026-03-06 18:21:07,388 - INFO - Tables verified/created.
2026-03-08 01:05:48,554 - INFO - Database connection established.
2026-03-08 01:05:48,555 - INFO - Tables verified/created.
2026-03-08 01:06:09,803 - INFO - list_all_people returned 12 rows
2026-03-08 01:06:20,598 - INFO - Person added: Hasan
2026-03-08 01:06:43,237 - INFO - new_i_owe_tx added
2026-03-08 01:06:47,143 - INFO - list_i_owe returned 6 rows.
2026-03-08 01:06:56,448 - INFO - total_i_owe returned
2026-03-08 01:07:40,653 - INFO - Database connection established.
2026-03-08 01:07:40,653 - INFO - Tables verified/created.
2026-03-08 01:07:45,726 - INFO - list_i_owe returned 6 rows.
2026-03-08 01:07:53,345 - INFO - list_all_people returned 13 rows.
2026-03-08 01:08:07,469 - INFO - Person added: Grela
2026-03-08 01:08:17,995 - INFO - list_all_people returned 14 rows.
2026-03-08 01:08:28,090 - INFO - they_owe tx added: person_id=7, amount=987
2026-03-08 01:08:31,710 - INFO - total_owed_to_me: 114987.0
2026-03-08 01:14:00,390 - INFO - Database connection established.
2026-03-08 01:14:00,391 - INFO - Tables verified/created.
2026-03-08 01:14:18,355 - INFO - list_owe_me returned 4 rows.
2026-03-08 01:14:28,057 - INFO - list_all_people returned 14 rows.
2026-03-08 01:14:33,094 - INFO - they_owe tx added: person_id=13, amount=650
2026-03-08 01:14:39,097 - INFO - list_i_owe returned 6 rows.
2026-03-13 14:59:29,347 - INFO - Database connection established.
2026-03-13 14:59:29,348 - INFO - Tables verified/created.
2026-03-13 14:59:29,348 - ERROR - Could not change tx to paid: unrecognized token: "{"
2026-03-13 15:00:25,123 - INFO - Database connection established.
2026-03-13 15:00:25,123 - INFO - Tables verified/created.
2026-03-13 15:00:42,420 - INFO - Database connection established.
2026-03-13 15:00:42,421 - INFO - Tables verified/created.
2026-03-13 15:00:47,700 - ERROR - Could not change tx to paid: database is locked
2026-03-13 15:01:01,523 - INFO - Database connection established.
2026-03-13 15:01:01,524 - INFO - Tables verified/created.
2026-03-13 15:01:01,525 - INFO - tx9_successfully changed to paid
2026-03-13 15:02:31,584 - INFO - Database connection established.
2026-03-13 15:02:31,585 - INFO - Tables verified/created.
2026-03-13 15:02:31,585 - INFO - tx9_successfully changed to FORGIVEN
2026-03-13 15:04:08,047 - INFO - Database connection established.
2026-03-13 15:04:08,048 - INFO - Tables verified/created.
2026-03-13 15:04:29,124 - INFO - total_i_owe returned
2026-03-13 15:04:38,289 - INFO - list_i_owe returned 4 rows.
2026-03-13 15:18:07,018 - INFO - Database connection established.
2026-03-13 15:18:07,019 - INFO - Tables verified/created.
2026-03-13 15:19:11,445 - INFO - Database connection established.
2026-03-13 15:19:11,445 - INFO - Tables verified/created.
2026-03-13 15:19:34,397 - INFO - Database connection established.
2026-03-13 15:19:34,397 - INFO - Tables verified/created.
2026-03-13 15:19:49,968 - INFO - Database connection established.
2026-03-13 15:19:49,968 - INFO - Tables verified/created.
2026-03-13 15:20:23,971 - INFO - Database connection established.
2026-03-13 15:20:23,972 - INFO - Tables verified/created.
